#
# There is insufficient memory for the Java Runtime Environment to continue.
# Native memory allocation (mmap) failed to map 257949696 bytes for Failed to commit area from 0x000000070a000000 to 0x0000000719600000 of length 257949696.
# Possible reasons:
#   The system is out of physical RAM or swap space
#   The process is running with CompressedOops enabled, and the Java Heap may be blocking the growth of the native heap
# Possible solutions:
#   Reduce memory load on the system
#   Increase physical memory or swap space
#   Check if swap backing store is full
#   Decrease Java heap size (-Xmx/-Xms)
#   Decrease number of Java threads
#   Decrease Java thread stack sizes (-Xss)
#   Set larger code cache with -XX:ReservedCodeCacheSize=
# This output file may be truncated or incomplete.
#
#  Out of Memory Error (./open/src/hotspot/os/windows/os_windows.cpp:3292), pid=18840, tid=9672
#
# JRE version:  (11.0.18+9) (build )
# Java VM: Java HotSpot(TM) 64-Bit Server VM (11.0.18+9-LTS-195, mixed mode, sharing, tiered, compressed oops, g1 gc, windows-amd64)
# No core dump will be written. Minidumps are not enabled by default on client versions of Windows
#

---------------  S U M M A R Y ------------

Command Line: -Dmaven.multiModuleProjectDirectory=E:\HitsInternsBackend\svc_ThirdCourseBack -Djansi.passthrough=true -Dmaven.home=C:\Users\julit\.m2\wrapper\dists\apache-maven-3.8.7-bin\1ktonn2lleg549uah6ngl1r74r\apache-maven-3.8.7 -Dclassworlds.conf=C:\Users\julit\.m2\wrapper\dists\apache-maven-3.8.7-bin\1ktonn2lleg549uah6ngl1r74r\apache-maven-3.8.7\bin\m2.conf -Dmaven.ext.class.path=E:\IntelliJ IDEA 2022.3.2\plugins\maven\lib\maven-event-listener.jar -javaagent:E:\IntelliJ IDEA 2022.3.2\lib\idea_rt.jar=56500:E:\IntelliJ IDEA 2022.3.2\bin -Dfile.encoding=UTF-8 org.codehaus.classworlds.Launcher -Didea.version=2022.3.2 clean

Host: AMD Ryzen 5 4600H with Radeon Graphics         , 12 cores, 15G,  Windows 11 , 64 bit Build 22621 (10.0.22621.3527)
Time: Sun May 26 12:31:08 2024  Windows 11 , 64 bit Build 22621 (10.0.22621.3527) elapsed time: 0.029086 seconds (0d 0h 0m 0s)

---------------  T H R E A D  ---------------

Current thread (0x000001aa6b401000):  JavaThread "Unknown thread" [_thread_in_vm, id=9672, stack(0x000000a477500000,0x000000a477600000)]

Stack: [0x000000a477500000,0x000000a477600000]
Native frames: (J=compiled Java code, j=interpreted, Vv=VM code, C=native code)
V  [jvm.dll+0x65d8aa]
V  [jvm.dll+0x79fc1f]
V  [jvm.dll+0x7a12e9]
V  [jvm.dll+0x7a1983]
V  [jvm.dll+0x2585b5]
V  [jvm.dll+0x65ac09]
V  [jvm.dll+0x64f8e5]
V  [jvm.dll+0x311d4d]
V  [jvm.dll+0x311bb2]
V  [jvm.dll+0x3167e6]
V  [jvm.dll+0x35e8d0]
V  [jvm.dll+0x35e342]
V  [jvm.dll+0x2ed488]
V  [jvm.dll+0x2ee595]
V  [jvm.dll+0x779257]
V  [jvm.dll+0x77ab3f]
V  [jvm.dll+0x36bb59]
V  [jvm.dll+0x75dd4f]
V  [jvm.dll+0x3dd5b7]
V  [jvm.dll+0x3df661]
C  [jli.dll+0x52e7]
C  [ucrtbase.dll+0x29333]
C  [KERNEL32.DLL+0x1257d]
C  [ntdll.dll+0x5aa48]


---------------  P R O C E S S  ---------------

Threads class SMR info:
_java_thread_list=0x000001aa6b2864c0, length=0, elements={
}

Java Threads: ( => current thread )

Other Threads:
  0x000001aa6b415000 GCTaskThread "GC Thread#0" [stack: 0x000000a477600000,0x000000a477700000] [id=8380]
  0x000001aa6b46f800 ConcurrentGCThread "G1 Main Marker" [stack: 0x000000a477700000,0x000000a477800000] [id=1040]
  0x000001aa6b470800 ConcurrentGCThread "G1 Conc#0" [stack: 0x000000a477800000,0x000000a477900000] [id=7404]

[error occurred during error reporting (printing all threads), id 0xc0000005, EXCEPTION_ACCESS_VIOLATION (0xc0000005) at pc=0x00007ffa1049ded7]

VM state:not at safepoint (not fully initialized)

VM Mutex/Monitor currently owned by a thread:  ([mutex/lock_event])
[0x000001aa6b3fc5e0] Heap_lock - owner thread: 0x000001aa6b401000

Heap address: 0x000000070a000000, size: 3936 MB, Compressed Oops mode: Non-zero based: 0x000000070a000000
Narrow klass base: 0x0000000000000000, Narrow klass shift: 0

GC Heap History (0 events):
No events

Deoptimization events (0 events):
No events

Classes redefined (0 events):
No events

Internal exceptions (0 events):
No events

Events (0 events):
No events


Dynamic libraries:
0x00007ff7759e0000 - 0x00007ff7759f0000 	C:\Program Files\Java\jdk-11\bin\java.exe
0x00007ffa598b0000 - 0x00007ffa59ac7000 	C:\WINDOWS\SYSTEM32\ntdll.dll
0x00007ffa57e30000 - 0x00007ffa57ef4000 	C:\WINDOWS\System32\KERNEL32.DLL
0x00007ffa56cc0000 - 0x00007ffa57067000 	C:\WINDOWS\System32\KERNELBASE.dll
0x00007ffa57370000 - 0x00007ffa57481000 	C:\WINDOWS\System32\ucrtbase.dll
0x00007ffa36830000 - 0x00007ffa3684b000 	C:\Program Files\Java\jdk-11\bin\VCRUNTIME140.dll
0x00007ffa38880000 - 0x00007ffa38898000 	C:\Program Files\Java\jdk-11\bin\jli.dll
0x00007ffa57c10000 - 0x00007ffa57cc2000 	C:\WINDOWS\System32\ADVAPI32.dll
0x00007ffa594d0000 - 0x00007ffa59577000 	C:\WINDOWS\System32\msvcrt.dll
0x00007ffa57750000 - 0x00007ffa577f8000 	C:\WINDOWS\System32\sechost.dll
0x00007ffa57490000 - 0x00007ffa574b8000 	C:\WINDOWS\System32\bcrypt.dll
0x00007ffa578b0000 - 0x00007ffa579c5000 	C:\WINDOWS\System32\RPCRT4.dll
0x00007ffa57f70000 - 0x00007ffa5811e000 	C:\WINDOWS\System32\USER32.dll
0x00007ffa56c90000 - 0x00007ffa56cb6000 	C:\WINDOWS\System32\win32u.dll
0x00007ffa3f120000 - 0x00007ffa3f3b3000 	C:\WINDOWS\WinSxS\amd64_microsoft.windows.common-controls_6595b64144ccf1df_6.0.22621.3527_none_270e469b73872a76\COMCTL32.dll
0x00007ffa58130000 - 0x00007ffa58159000 	C:\WINDOWS\System32\GDI32.dll
0x00007ffa574c0000 - 0x00007ffa575d9000 	C:\WINDOWS\System32\gdi32full.dll
0x00007ffa57070000 - 0x00007ffa5710a000 	C:\WINDOWS\System32\msvcp_win.dll
0x00007ffa4bc80000 - 0x00007ffa4bc8a000 	C:\WINDOWS\SYSTEM32\VERSION.dll
0x00007ffa57f00000 - 0x00007ffa57f31000 	C:\WINDOWS\System32\IMM32.DLL
0x00007ffa42f80000 - 0x00007ffa42f8c000 	C:\Program Files\Java\jdk-11\bin\vcruntime140_1.dll
0x00007ffa21020000 - 0x00007ffa210ae000 	C:\Program Files\Java\jdk-11\bin\msvcp140.dll
0x00007ffa101a0000 - 0x00007ffa10d08000 	C:\Program Files\Java\jdk-11\bin\server\jvm.dll
0x00007ffa579d0000 - 0x00007ffa579d8000 	C:\WINDOWS\System32\PSAPI.DLL
0x00007ffa3a7d0000 - 0x00007ffa3a7d9000 	C:\WINDOWS\SYSTEM32\WSOCK32.dll
0x00007ffa4fc40000 - 0x00007ffa4fc74000 	C:\WINDOWS\SYSTEM32\WINMM.dll
0x00007ffa582b0000 - 0x00007ffa58321000 	C:\WINDOWS\System32\WS2_32.dll
0x00007ffa55c50000 - 0x00007ffa55c68000 	C:\WINDOWS\SYSTEM32\kernel.appcore.dll
0x00007ffa42de0000 - 0x00007ffa42df0000 	C:\Program Files\Java\jdk-11\bin\verify.dll
0x00007ffa54720000 - 0x00007ffa54952000 	C:\WINDOWS\SYSTEM32\DBGHELP.DLL
0x00007ffa58b90000 - 0x00007ffa58f18000 	C:\WINDOWS\System32\combase.dll
0x00007ffa59580000 - 0x00007ffa59657000 	C:\WINDOWS\System32\OLEAUT32.dll
0x00007ffa3e800000 - 0x00007ffa3e832000 	C:\WINDOWS\SYSTEM32\dbgcore.DLL
0x00007ffa57110000 - 0x00007ffa57189000 	C:\WINDOWS\System32\bcryptPrimitives.dll
0x00007ffa367a0000 - 0x00007ffa367c8000 	C:\Program Files\Java\jdk-11\bin\java.dll
0x00007ffa42bb0000 - 0x00007ffa42bba000 	C:\Program Files\Java\jdk-11\bin\jimage.dll
0x00007ffa43f70000 - 0x00007ffa43f7e000 	C:\Program Files\Java\jdk-11\bin\instrument.dll
0x00007ffa36670000 - 0x00007ffa36687000 	C:\Program Files\Java\jdk-11\bin\zip.dll

dbghelp: loaded successfully - version: 4.0.5 - missing functions: none
symbol engine: initialized successfully - sym options: 0x614 - pdb path: .;C:\Program Files\Java\jdk-11\bin;C:\WINDOWS\SYSTEM32;C:\WINDOWS\WinSxS\amd64_microsoft.windows.common-controls_6595b64144ccf1df_6.0.22621.3527_none_270e469b73872a76;C:\Program Files\Java\jdk-11\bin\server

VM Arguments:
jvm_args: -Dmaven.multiModuleProjectDirectory=E:\HitsInternsBackend\svc_ThirdCourseBack -Djansi.passthrough=true -Dmaven.home=C:\Users\julit\.m2\wrapper\dists\apache-maven-3.8.7-bin\1ktonn2lleg549uah6ngl1r74r\apache-maven-3.8.7 -Dclassworlds.conf=C:\Users\julit\.m2\wrapper\dists\apache-maven-3.8.7-bin\1ktonn2lleg549uah6ngl1r74r\apache-maven-3.8.7\bin\m2.conf -Dmaven.ext.class.path=E:\IntelliJ IDEA 2022.3.2\plugins\maven\lib\maven-event-listener.jar -javaagent:E:\IntelliJ IDEA 2022.3.2\lib\idea_rt.jar=56500:E:\IntelliJ IDEA 2022.3.2\bin -Dfile.encoding=UTF-8 
java_command: org.codehaus.classworlds.Launcher -Didea.version=2022.3.2 clean
java_class_path (initial): C:\Users\julit\.m2\wrapper\dists\apache-maven-3.8.7-bin\1ktonn2lleg549uah6ngl1r74r\apache-maven-3.8.7\boot\plexus-classworlds-2.6.0.jar;C:\Users\julit\.m2\wrapper\dists\apache-maven-3.8.7-bin\1ktonn2lleg549uah6ngl1r74r\apache-maven-3.8.7\boot\plexus-classworlds.license
Launcher Type: SUN_STANDARD

[Global flags]
     intx CICompilerCount                          = 4                                         {product} {ergonomic}
     uint ConcGCThreads                            = 3                                         {product} {ergonomic}
     uint G1ConcRefinementThreads                  = 10                                        {product} {ergonomic}
   size_t G1HeapRegionSize                         = 1048576                                   {product} {ergonomic}
    uintx GCDrainStackTargetSize                   = 64                                        {product} {ergonomic}
   size_t InitialHeapSize                          = 257949696                                 {product} {ergonomic}
   size_t MarkStackSize                            = 4194304                                   {product} {ergonomic}
   size_t MaxHeapSize                              = 4127195136                                {product} {ergonomic}
   size_t MinHeapDeltaBytes                        = 1048576                                   {product} {ergonomic}
    uintx NonNMethodCodeHeapSize                   = 5836300                                {pd product} {ergonomic}
    uintx NonProfiledCodeHeapSize                  = 122910970                              {pd product} {ergonomic}
    uintx ProfiledCodeHeapSize                     = 122910970                              {pd product} {ergonomic}
    uintx ReservedCodeCacheSize                    = 251658240                              {pd product} {ergonomic}
     bool SegmentedCodeCache                       = true                                      {product} {ergonomic}
     bool UseCompressedClassPointers               = true                                 {lp64_product} {ergonomic}
     bool UseCompressedOops                        = true                                 {lp64_product} {ergonomic}
     bool UseG1GC                                  = true                                      {product} {ergonomic}
     bool UseLargePagesIndividualAllocation        = false                                  {pd product} {ergonomic}

Logging:
Log output configuration:
 #0: stdout all=warning uptime,level,tags
 #1: stderr all=off uptime,level,tags

Environment Variables:
JAVA_HOME=C:\Program Files\Java\jdk-11
PATH=c:\Windows;c:\Windows\system32;C:\Windows\System32;C:\Program Files\dotnet\;D:\Git\cmd;C:\Program Files\Microsoft SQL Server\150\Tools\Binn\;C:\Program Files\Microsoft SQL Server\Client SDK\ODBC\170\Tools\Binn\;C:\Program Files\NVIDIA Corporation\NVIDIA NvDLISR;C:\WINDOWS\system32;C:\WINDOWS;C:\WINDOWS\System32\Wbem;C:\WINDOWS\System32\WindowsPowerShell\v1.0\;C:\WINDOWS\System32\OpenSSH\;D:\xampp\php;C:\ProgramData\ComposerSetup\bin;D:\nodejs\;C:\Program Files\apache-maven-3.9.0\bin;E:\gradle-8.0.2-all\gradle-8.0.2\bin;C:\Program Files\WireGuard\;C:\Program Files\Docker\Docker\resources\bin;E:\Python\Scripts\;E:\Python\;C:\Users\julit\AppData\Local\Microsoft\WindowsApps;E:\IntelliJ IDEA 2021.3.2\bin;D:\WebStorm 2021.3.2\bin;C:\Users\julit\.dotnet\tools;E:\Microsoft VS Code\bin;D:\PhpStorm 2022.2.2\bin;;C:\Users\julit\AppData\Local\Microsoft\WindowsApps;C:\Users\julit\AppData\Roaming\Composer\vendor\bin;D:\WebStorm 2022.2.3\bin;;E:\IntelliJ IDEA 2022.3.2\bin;;C:\Users\julit\AppData\Roaming\npm;D:\nodejs;E:\PyCharm 2023.1.2\bin;;C:\Program Files\Java\jdk-11\bin;C:\Program Files\apache-maven-3.9.0\bin;C:\Program Files\PostgreSQL\15\bin;E:\PostgreSQL\15\bin;
USERNAME=julit
OS=Windows_NT
PROCESSOR_IDENTIFIER=AMD64 Family 23 Model 96 Stepping 1, AuthenticAMD



---------------  S Y S T E M  ---------------

OS: Windows 11 , 64 bit Build 22621 (10.0.22621.3527)
Hyper-V role detected

CPU:total 12 (initial active 12) (12 cores per cpu, 2 threads per core) family 23 model 96 stepping 1 microcode 0x0, cmov, cx8, fxsr, mmx, sse, sse2, sse3, ssse3, sse4.1, sse4.2, popcnt, avx, avx2, aes, clmul, mmxext, 3dnowpref, lzcnt, sse4a, ht, tsc, tscinvbit, tscinv, bmi1, bmi2, adx, 

Memory: 4k page, system-wide physical 15741M (727M free)
TotalPageFile size 20845M (AvailPageFile size 238M)
current process WorkingSet (physical memory assigned to process): 11M, peak: 11M
current process commit charge ("private bytes"): 64M, peak: 310M

vm_info: Java HotSpot(TM) 64-Bit Server VM (11.0.18+9-LTS-195) for windows-amd64 JRE (11.0.18+9-LTS-195), built on Dec  6 2022 15:50:58 by "mach5one" with MS VC++ 17.1 (VS2022)

END.
