#
# There is insufficient memory for the Java Runtime Environment to continue.
# Native memory allocation (malloc) failed to allocate 1092816 bytes for Chunk::new
# Possible reasons:
#   The system is out of physical RAM or swap space
#   The process is running with CompressedOops enabled, and the Java Heap may be blocking the growth of the native heap
# Possible solutions:
#   Reduce memory load on the system
#   Increase physical memory or swap space
#   Check if swap backing store is full
#   Decrease Java heap size (-Xmx/-Xms)
#   Decrease number of Java threads
#   Decrease Java thread stack sizes (-Xss)
#   Set larger code cache with -XX:ReservedCodeCacheSize=
#   JVM is running with Zero Based Compressed Oops mode in which the Java heap is
#     placed in the first 32GB address space. The Java Heap base address is the
#     maximum limit for the native heap growth. Please use -XX:HeapBaseMinAddress
#     to set the Java Heap base and to place the Java Heap above 32GB virtual address.
# This output file may be truncated or incomplete.
#
#  Out of Memory Error (./open/src/hotspot/share/memory/arena.cpp:197), pid=21480, tid=16620
#
# JRE version: Java(TM) SE Runtime Environment 18.9 (11.0.18+9) (build 11.0.18+9-LTS-195)
# Java VM: Java HotSpot(TM) 64-Bit Server VM 18.9 (11.0.18+9-LTS-195, mixed mode, tiered, compressed oops, g1 gc, windows-amd64)
# No core dump will be written. Minidumps are not enabled by default on client versions of Windows
#

---------------  S U M M A R Y ------------

Command Line: -Dmaven.multiModuleProjectDirectory=E:\HitsInternsBackend\svc_ThirdCourseBack -Djansi.passthrough=true -Dmaven.home=C:\Users\julit\.m2\wrapper\dists\apache-maven-3.8.7-bin\1ktonn2lleg549uah6ngl1r74r\apache-maven-3.8.7 -Dclassworlds.conf=C:\Users\julit\.m2\wrapper\dists\apache-maven-3.8.7-bin\1ktonn2lleg549uah6ngl1r74r\apache-maven-3.8.7\bin\m2.conf -Dmaven.ext.class.path=E:\IntelliJ IDEA 2022.3.2\plugins\maven\lib\maven-event-listener.jar -javaagent:E:\IntelliJ IDEA 2022.3.2\lib\idea_rt.jar=63988:E:\IntelliJ IDEA 2022.3.2\bin -Dfile.encoding=UTF-8 org.codehaus.classworlds.Launcher -Didea.version=2022.3.2 clean

Host: AMD Ryzen 5 4600H with Radeon Graphics         , 12 cores, 15G,  Windows 11 , 64 bit Build 22621 (10.0.22621.3527)
Time: Sun May 26 18:21:47 2024  Windows 11 , 64 bit Build 22621 (10.0.22621.3527) elapsed time: 1.376570 seconds (0d 0h 0m 1s)

---------------  T H R E A D  ---------------

Current thread (0x0000021fe67e1000):  JavaThread "C2 CompilerThread1" daemon [_thread_in_native, id=16620, stack(0x0000008e2bd00000,0x0000008e2be00000)]


Current CompileTask:
C2:   1376 1806   !   4       java.net.URL::<init> (543 bytes)

Stack: [0x0000008e2bd00000,0x0000008e2be00000]
Native frames: (J=compiled Java code, j=interpreted, Vv=VM code, C=native code)
V  [jvm.dll+0x65d8aa]
V  [jvm.dll+0x79fc1f]
V  [jvm.dll+0x7a12e9]
V  [jvm.dll+0x7a1983]
V  [jvm.dll+0x2585b5]
V  [jvm.dll+0xb284c]
V  [jvm.dll+0xb2e0c]
V  [jvm.dll+0x365e21]
V  [jvm.dll+0x1a2414]
V  [jvm.dll+0x2114fd]
V  [jvm.dll+0x210378]
V  [jvm.dll+0x18c641]
V  [jvm.dll+0x220609]
V  [jvm.dll+0x21e92c]
V  [jvm.dll+0x763f61]
V  [jvm.dll+0x75c924]
V  [jvm.dll+0x65c755]
C  [ucrtbase.dll+0x29333]
C  [KERNEL32.DLL+0x1257d]
C  [ntdll.dll+0x5aa48]


---------------  P R O C E S S  ---------------

Threads class SMR info:
_java_thread_list=0x0000021fe7708390, length=13, elements={
0x0000021fc3192000, 0x0000021fe5d57000, 0x0000021fe5d58800, 0x0000021fe665c800,
0x0000021fe665d800, 0x0000021fe665f000, 0x0000021fe6662000, 0x0000021fe6664000,
0x0000021fe6665000, 0x0000021fe6600800, 0x0000021fe67e1000, 0x0000021fe6930800,
0x0000021fe75b3000
}

Java Threads: ( => current thread )
  0x0000021fc3192000 JavaThread "main" [_thread_in_Java, id=18608, stack(0x0000008e2ad00000,0x0000008e2ae00000)]
  0x0000021fe5d57000 JavaThread "Reference Handler" daemon [_thread_blocked, id=8812, stack(0x0000008e2b400000,0x0000008e2b500000)]
  0x0000021fe5d58800 JavaThread "Finalizer" daemon [_thread_blocked, id=14504, stack(0x0000008e2b500000,0x0000008e2b600000)]
  0x0000021fe665c800 JavaThread "Signal Dispatcher" daemon [_thread_blocked, id=4716, stack(0x0000008e2b600000,0x0000008e2b700000)]
  0x0000021fe665d800 JavaThread "Attach Listener" daemon [_thread_blocked, id=19708, stack(0x0000008e2b700000,0x0000008e2b800000)]
  0x0000021fe665f000 JavaThread "Service Thread" daemon [_thread_blocked, id=18976, stack(0x0000008e2b800000,0x0000008e2b900000)]
  0x0000021fe6662000 JavaThread "C2 CompilerThread0" daemon [_thread_in_native, id=11692, stack(0x0000008e2b900000,0x0000008e2ba00000)]
  0x0000021fe6664000 JavaThread "C1 CompilerThread0" daemon [_thread_in_native, id=17816, stack(0x0000008e2ba00000,0x0000008e2bb00000)]
  0x0000021fe6665000 JavaThread "Sweeper thread" daemon [_thread_blocked, id=4700, stack(0x0000008e2bb00000,0x0000008e2bc00000)]
  0x0000021fe6600800 JavaThread "Common-Cleaner" daemon [_thread_blocked, id=9760, stack(0x0000008e2bc00000,0x0000008e2bd00000)]
=>0x0000021fe67e1000 JavaThread "C2 CompilerThread1" daemon [_thread_in_native, id=16620, stack(0x0000008e2bd00000,0x0000008e2be00000)]
  0x0000021fe6930800 JavaThread "Monitor Ctrl-Break" daemon [_thread_in_native, id=15988, stack(0x0000008e2be00000,0x0000008e2bf00000)]
  0x0000021fe75b3000 JavaThread "C2 CompilerThread2" daemon [_thread_in_native, id=14532, stack(0x0000008e2c000000,0x0000008e2c100000)]

Other Threads:
  0x0000021fe5d53800 VMThread "VM Thread" [stack: 0x0000008e2b300000,0x0000008e2b400000] [id=2172]
  0x0000021fe6935800 WatcherThread [stack: 0x0000008e2bf00000,0x0000008e2c000000] [id=14676]
  0x0000021fc31a7000 GCTaskThread "GC Thread#0" [stack: 0x0000008e2ae00000,0x0000008e2af00000] [id=9872]
  0x0000021fe7685800 GCTaskThread "GC Thread#1" [stack: 0x0000008e2c100000,0x0000008e2c200000] [id=3004]
  0x0000021fe76fd800 GCTaskThread "GC Thread#2" [stack: 0x0000008e2c200000,0x0000008e2c300000] [id=11872]
  0x0000021fe7538800 GCTaskThread "GC Thread#3" [stack: 0x0000008e2c300000,0x0000008e2c400000] [id=7580]
  0x0000021fe785e000 GCTaskThread "GC Thread#4" [stack: 0x0000008e2c400000,0x0000008e2c500000] [id=3464]
  0x0000021fc3203000 ConcurrentGCThread "G1 Main Marker" [stack: 0x0000008e2af00000,0x0000008e2b000000] [id=17448]
  0x0000021fc3204800 ConcurrentGCThread "G1 Conc#0" [stack: 0x0000008e2b000000,0x0000008e2b100000] [id=18520]
  0x0000021fe5c42000 ConcurrentGCThread "G1 Refine#0" [stack: 0x0000008e2b100000,0x0000008e2b200000] [id=18124]
  0x0000021fe5c46000 ConcurrentGCThread "G1 Young RemSet Sampling" [stack: 0x0000008e2b200000,0x0000008e2b300000] [id=15268]

Threads with active compile tasks:
C2 CompilerThread0     1409 2068       4       org.codehaus.plexus.util.xml.pull.MXParser::parseStartTag (1195 bytes)
C1 CompilerThread0     1409 2152       3       org.codehaus.plexus.interpolation.util.ValueSourceUtils::trimPrefix (88 bytes)
C2 CompilerThread1     1409 1806   !   4       java.net.URL::<init> (543 bytes)
C2 CompilerThread2     1409 2150       4       java.lang.String::startsWith (7 bytes)

VM state:not at safepoint (normal execution)

VM Mutex/Monitor currently owned by a thread: None

Heap address: 0x000000070a000000, size: 3936 MB, Compressed Oops mode: Zero based, Oop shift amount: 3
Narrow klass base: 0x0000000800000000, Narrow klass shift: 0
Compressed class space size: 1073741824 Address: 0x0000000800000000

Heap:
 garbage-first heap   total 251904K, used 53705K [0x000000070a000000, 0x0000000800000000)
  region size 1024K, 53 young (54272K), 3 survivors (3072K)
 Metaspace       used 20248K, capacity 20627K, committed 20864K, reserved 1067008K
  class space    used 2196K, capacity 2326K, committed 2432K, reserved 1048576K
Heap Regions: E=young(eden), S=young(survivor), O=old, HS=humongous(starts), HC=humongous(continues), CS=collection set, F=free, A=archive, TAMS=top-at-mark-start (previous, next)
|   0|0x000000070a000000, 0x000000070a072600, 0x000000070a100000| 44%| O|  |TAMS 0x000000070a000000, 0x000000070a000000| Untracked 
|   1|0x000000070a100000, 0x000000070a100000, 0x000000070a200000|  0%| F|  |TAMS 0x000000070a100000, 0x000000070a100000| Untracked 
|   2|0x000000070a200000, 0x000000070a200000, 0x000000070a300000|  0%| F|  |TAMS 0x000000070a200000, 0x000000070a200000| Untracked 
|   3|0x000000070a300000, 0x000000070a300000, 0x000000070a400000|  0%| F|  |TAMS 0x000000070a300000, 0x000000070a300000| Untracked 
|   4|0x000000070a400000, 0x000000070a400000, 0x000000070a500000|  0%| F|  |TAMS 0x000000070a400000, 0x000000070a400000| Untracked 
|   5|0x000000070a500000, 0x000000070a500000, 0x000000070a600000|  0%| F|  |TAMS 0x000000070a500000, 0x000000070a500000| Untracked 
|   6|0x000000070a600000, 0x000000070a600000, 0x000000070a700000|  0%| F|  |TAMS 0x000000070a600000, 0x000000070a600000| Untracked 
|   7|0x000000070a700000, 0x000000070a700000, 0x000000070a800000|  0%| F|  |TAMS 0x000000070a700000, 0x000000070a700000| Untracked 
|   8|0x000000070a800000, 0x000000070a800000, 0x000000070a900000|  0%| F|  |TAMS 0x000000070a800000, 0x000000070a800000| Untracked 
|   9|0x000000070a900000, 0x000000070a900000, 0x000000070aa00000|  0%| F|  |TAMS 0x000000070a900000, 0x000000070a900000| Untracked 
|  10|0x000000070aa00000, 0x000000070aa00000, 0x000000070ab00000|  0%| F|  |TAMS 0x000000070aa00000, 0x000000070aa00000| Untracked 
|  11|0x000000070ab00000, 0x000000070ab00000, 0x000000070ac00000|  0%| F|  |TAMS 0x000000070ab00000, 0x000000070ab00000| Untracked 
|  12|0x000000070ac00000, 0x000000070ac00000, 0x000000070ad00000|  0%| F|  |TAMS 0x000000070ac00000, 0x000000070ac00000| Untracked 
|  13|0x000000070ad00000, 0x000000070ad00000, 0x000000070ae00000|  0%| F|  |TAMS 0x000000070ad00000, 0x000000070ad00000| Untracked 
|  14|0x000000070ae00000, 0x000000070ae00000, 0x000000070af00000|  0%| F|  |TAMS 0x000000070ae00000, 0x000000070ae00000| Untracked 
|  15|0x000000070af00000, 0x000000070af00000, 0x000000070b000000|  0%| F|  |TAMS 0x000000070af00000, 0x000000070af00000| Untracked 
|  16|0x000000070b000000, 0x000000070b000000, 0x000000070b100000|  0%| F|  |TAMS 0x000000070b000000, 0x000000070b000000| Untracked 
|  17|0x000000070b100000, 0x000000070b100000, 0x000000070b200000|  0%| F|  |TAMS 0x000000070b100000, 0x000000070b100000| Untracked 
|  18|0x000000070b200000, 0x000000070b200000, 0x000000070b300000|  0%| F|  |TAMS 0x000000070b200000, 0x000000070b200000| Untracked 
|  19|0x000000070b300000, 0x000000070b300000, 0x000000070b400000|  0%| F|  |TAMS 0x000000070b300000, 0x000000070b300000| Untracked 
|  20|0x000000070b400000, 0x000000070b400000, 0x000000070b500000|  0%| F|  |TAMS 0x000000070b400000, 0x000000070b400000| Untracked 
|  21|0x000000070b500000, 0x000000070b500000, 0x000000070b600000|  0%| F|  |TAMS 0x000000070b500000, 0x000000070b500000| Untracked 
|  22|0x000000070b600000, 0x000000070b600000, 0x000000070b700000|  0%| F|  |TAMS 0x000000070b600000, 0x000000070b600000| Untracked 
|  23|0x000000070b700000, 0x000000070b700000, 0x000000070b800000|  0%| F|  |TAMS 0x000000070b700000, 0x000000070b700000| Untracked 
|  24|0x000000070b800000, 0x000000070b800000, 0x000000070b900000|  0%| F|  |TAMS 0x000000070b800000, 0x000000070b800000| Untracked 
|  25|0x000000070b900000, 0x000000070b900000, 0x000000070ba00000|  0%| F|  |TAMS 0x000000070b900000, 0x000000070b900000| Untracked 
|  26|0x000000070ba00000, 0x000000070ba00000, 0x000000070bb00000|  0%| F|  |TAMS 0x000000070ba00000, 0x000000070ba00000| Untracked 
|  27|0x000000070bb00000, 0x000000070bb00000, 0x000000070bc00000|  0%| F|  |TAMS 0x000000070bb00000, 0x000000070bb00000| Untracked 
|  28|0x000000070bc00000, 0x000000070bc00000, 0x000000070bd00000|  0%| F|  |TAMS 0x000000070bc00000, 0x000000070bc00000| Untracked 
|  29|0x000000070bd00000, 0x000000070bd00000, 0x000000070be00000|  0%| F|  |TAMS 0x000000070bd00000, 0x000000070bd00000| Untracked 
|  30|0x000000070be00000, 0x000000070be00000, 0x000000070bf00000|  0%| F|  |TAMS 0x000000070be00000, 0x000000070be00000| Untracked 
|  31|0x000000070bf00000, 0x000000070bf00000, 0x000000070c000000|  0%| F|  |TAMS 0x000000070bf00000, 0x000000070bf00000| Untracked 
|  32|0x000000070c000000, 0x000000070c000000, 0x000000070c100000|  0%| F|  |TAMS 0x000000070c000000, 0x000000070c000000| Untracked 
|  33|0x000000070c100000, 0x000000070c100000, 0x000000070c200000|  0%| F|  |TAMS 0x000000070c100000, 0x000000070c100000| Untracked 
|  34|0x000000070c200000, 0x000000070c200000, 0x000000070c300000|  0%| F|  |TAMS 0x000000070c200000, 0x000000070c200000| Untracked 
|  35|0x000000070c300000, 0x000000070c300000, 0x000000070c400000|  0%| F|  |TAMS 0x000000070c300000, 0x000000070c300000| Untracked 
|  36|0x000000070c400000, 0x000000070c400000, 0x000000070c500000|  0%| F|  |TAMS 0x000000070c400000, 0x000000070c400000| Untracked 
|  37|0x000000070c500000, 0x000000070c500000, 0x000000070c600000|  0%| F|  |TAMS 0x000000070c500000, 0x000000070c500000| Untracked 
|  38|0x000000070c600000, 0x000000070c600000, 0x000000070c700000|  0%| F|  |TAMS 0x000000070c600000, 0x000000070c600000| Untracked 
|  39|0x000000070c700000, 0x000000070c700000, 0x000000070c800000|  0%| F|  |TAMS 0x000000070c700000, 0x000000070c700000| Untracked 
|  40|0x000000070c800000, 0x000000070c800000, 0x000000070c900000|  0%| F|  |TAMS 0x000000070c800000, 0x000000070c800000| Untracked 
|  41|0x000000070c900000, 0x000000070c900000, 0x000000070ca00000|  0%| F|  |TAMS 0x000000070c900000, 0x000000070c900000| Untracked 
|  42|0x000000070ca00000, 0x000000070ca00000, 0x000000070cb00000|  0%| F|  |TAMS 0x000000070ca00000, 0x000000070ca00000| Untracked 
|  43|0x000000070cb00000, 0x000000070cb00000, 0x000000070cc00000|  0%| F|  |TAMS 0x000000070cb00000, 0x000000070cb00000| Untracked 
|  44|0x000000070cc00000, 0x000000070cc00000, 0x000000070cd00000|  0%| F|  |TAMS 0x000000070cc00000, 0x000000070cc00000| Untracked 
|  45|0x000000070cd00000, 0x000000070cd00000, 0x000000070ce00000|  0%| F|  |TAMS 0x000000070cd00000, 0x000000070cd00000| Untracked 
|  46|0x000000070ce00000, 0x000000070ce00000, 0x000000070cf00000|  0%| F|  |TAMS 0x000000070ce00000, 0x000000070ce00000| Untracked 
|  47|0x000000070cf00000, 0x000000070cf00000, 0x000000070d000000|  0%| F|  |TAMS 0x000000070cf00000, 0x000000070cf00000| Untracked 
|  48|0x000000070d000000, 0x000000070d000000, 0x000000070d100000|  0%| F|  |TAMS 0x000000070d000000, 0x000000070d000000| Untracked 
|  49|0x000000070d100000, 0x000000070d100000, 0x000000070d200000|  0%| F|  |TAMS 0x000000070d100000, 0x000000070d100000| Untracked 
|  50|0x000000070d200000, 0x000000070d200000, 0x000000070d300000|  0%| F|  |TAMS 0x000000070d200000, 0x000000070d200000| Untracked 
|  51|0x000000070d300000, 0x000000070d300000, 0x000000070d400000|  0%| F|  |TAMS 0x000000070d300000, 0x000000070d300000| Untracked 
|  52|0x000000070d400000, 0x000000070d400000, 0x000000070d500000|  0%| F|  |TAMS 0x000000070d400000, 0x000000070d400000| Untracked 
|  53|0x000000070d500000, 0x000000070d500000, 0x000000070d600000|  0%| F|  |TAMS 0x000000070d500000, 0x000000070d500000| Untracked 
|  54|0x000000070d600000, 0x000000070d600000, 0x000000070d700000|  0%| F|  |TAMS 0x000000070d600000, 0x000000070d600000| Untracked 
|  55|0x000000070d700000, 0x000000070d700000, 0x000000070d800000|  0%| F|  |TAMS 0x000000070d700000, 0x000000070d700000| Untracked 
|  56|0x000000070d800000, 0x000000070d800000, 0x000000070d900000|  0%| F|  |TAMS 0x000000070d800000, 0x000000070d800000| Untracked 
|  57|0x000000070d900000, 0x000000070d900000, 0x000000070da00000|  0%| F|  |TAMS 0x000000070d900000, 0x000000070d900000| Untracked 
|  58|0x000000070da00000, 0x000000070da00000, 0x000000070db00000|  0%| F|  |TAMS 0x000000070da00000, 0x000000070da00000| Untracked 
|  59|0x000000070db00000, 0x000000070db00000, 0x000000070dc00000|  0%| F|  |TAMS 0x000000070db00000, 0x000000070db00000| Untracked 
|  60|0x000000070dc00000, 0x000000070dc00000, 0x000000070dd00000|  0%| F|  |TAMS 0x000000070dc00000, 0x000000070dc00000| Untracked 
|  61|0x000000070dd00000, 0x000000070dd00000, 0x000000070de00000|  0%| F|  |TAMS 0x000000070dd00000, 0x000000070dd00000| Untracked 
|  62|0x000000070de00000, 0x000000070de00000, 0x000000070df00000|  0%| F|  |TAMS 0x000000070de00000, 0x000000070de00000| Untracked 
|  63|0x000000070df00000, 0x000000070df00000, 0x000000070e000000|  0%| F|  |TAMS 0x000000070df00000, 0x000000070df00000| Untracked 
|  64|0x000000070e000000, 0x000000070e000000, 0x000000070e100000|  0%| F|  |TAMS 0x000000070e000000, 0x000000070e000000| Untracked 
|  65|0x000000070e100000, 0x000000070e100000, 0x000000070e200000|  0%| F|  |TAMS 0x000000070e100000, 0x000000070e100000| Untracked 
|  66|0x000000070e200000, 0x000000070e200000, 0x000000070e300000|  0%| F|  |TAMS 0x000000070e200000, 0x000000070e200000| Untracked 
|  67|0x000000070e300000, 0x000000070e300000, 0x000000070e400000|  0%| F|  |TAMS 0x000000070e300000, 0x000000070e300000| Untracked 
|  68|0x000000070e400000, 0x000000070e400000, 0x000000070e500000|  0%| F|  |TAMS 0x000000070e400000, 0x000000070e400000| Untracked 
|  69|0x000000070e500000, 0x000000070e500000, 0x000000070e600000|  0%| F|  |TAMS 0x000000070e500000, 0x000000070e500000| Untracked 
|  70|0x000000070e600000, 0x000000070e600000, 0x000000070e700000|  0%| F|  |TAMS 0x000000070e600000, 0x000000070e600000| Untracked 
|  71|0x000000070e700000, 0x000000070e700000, 0x000000070e800000|  0%| F|  |TAMS 0x000000070e700000, 0x000000070e700000| Untracked 
|  72|0x000000070e800000, 0x000000070e800000, 0x000000070e900000|  0%| F|  |TAMS 0x000000070e800000, 0x000000070e800000| Untracked 
|  73|0x000000070e900000, 0x000000070e900000, 0x000000070ea00000|  0%| F|  |TAMS 0x000000070e900000, 0x000000070e900000| Untracked 
|  74|0x000000070ea00000, 0x000000070ea00000, 0x000000070eb00000|  0%| F|  |TAMS 0x000000070ea00000, 0x000000070ea00000| Untracked 
|  75|0x000000070eb00000, 0x000000070eb00000, 0x000000070ec00000|  0%| F|  |TAMS 0x000000070eb00000, 0x000000070eb00000| Untracked 
|  76|0x000000070ec00000, 0x000000070ec00000, 0x000000070ed00000|  0%| F|  |TAMS 0x000000070ec00000, 0x000000070ec00000| Untracked 
|  77|0x000000070ed00000, 0x000000070ed00000, 0x000000070ee00000|  0%| F|  |TAMS 0x000000070ed00000, 0x000000070ed00000| Untracked 
|  78|0x000000070ee00000, 0x000000070ee00000, 0x000000070ef00000|  0%| F|  |TAMS 0x000000070ee00000, 0x000000070ee00000| Untracked 
|  79|0x000000070ef00000, 0x000000070ef00000, 0x000000070f000000|  0%| F|  |TAMS 0x000000070ef00000, 0x000000070ef00000| Untracked 
|  80|0x000000070f000000, 0x000000070f000000, 0x000000070f100000|  0%| F|  |TAMS 0x000000070f000000, 0x000000070f000000| Untracked 
|  81|0x000000070f100000, 0x000000070f100000, 0x000000070f200000|  0%| F|  |TAMS 0x000000070f100000, 0x000000070f100000| Untracked 
|  82|0x000000070f200000, 0x000000070f200000, 0x000000070f300000|  0%| F|  |TAMS 0x000000070f200000, 0x000000070f200000| Untracked 
|  83|0x000000070f300000, 0x000000070f300000, 0x000000070f400000|  0%| F|  |TAMS 0x000000070f300000, 0x000000070f300000| Untracked 
|  84|0x000000070f400000, 0x000000070f400000, 0x000000070f500000|  0%| F|  |TAMS 0x000000070f400000, 0x000000070f400000| Untracked 
|  85|0x000000070f500000, 0x000000070f500000, 0x000000070f600000|  0%| F|  |TAMS 0x000000070f500000, 0x000000070f500000| Untracked 
|  86|0x000000070f600000, 0x000000070f600000, 0x000000070f700000|  0%| F|  |TAMS 0x000000070f600000, 0x000000070f600000| Untracked 
|  87|0x000000070f700000, 0x000000070f700000, 0x000000070f800000|  0%| F|  |TAMS 0x000000070f700000, 0x000000070f700000| Untracked 
|  88|0x000000070f800000, 0x000000070f800000, 0x000000070f900000|  0%| F|  |TAMS 0x000000070f800000, 0x000000070f800000| Untracked 
|  89|0x000000070f900000, 0x000000070f900000, 0x000000070fa00000|  0%| F|  |TAMS 0x000000070f900000, 0x000000070f900000| Untracked 
|  90|0x000000070fa00000, 0x000000070fa00000, 0x000000070fb00000|  0%| F|  |TAMS 0x000000070fa00000, 0x000000070fa00000| Untracked 
|  91|0x000000070fb00000, 0x000000070fb00000, 0x000000070fc00000|  0%| F|  |TAMS 0x000000070fb00000, 0x000000070fb00000| Untracked 
|  92|0x000000070fc00000, 0x000000070fc00000, 0x000000070fd00000|  0%| F|  |TAMS 0x000000070fc00000, 0x000000070fc00000| Untracked 
|  93|0x000000070fd00000, 0x000000070fd00000, 0x000000070fe00000|  0%| F|  |TAMS 0x000000070fd00000, 0x000000070fd00000| Untracked 
|  94|0x000000070fe00000, 0x000000070fe00000, 0x000000070ff00000|  0%| F|  |TAMS 0x000000070fe00000, 0x000000070fe00000| Untracked 
|  95|0x000000070ff00000, 0x000000070ff00000, 0x0000000710000000|  0%| F|  |TAMS 0x000000070ff00000, 0x000000070ff00000| Untracked 
|  96|0x0000000710000000, 0x0000000710000000, 0x0000000710100000|  0%| F|  |TAMS 0x0000000710000000, 0x0000000710000000| Untracked 
|  97|0x0000000710100000, 0x0000000710100000, 0x0000000710200000|  0%| F|  |TAMS 0x0000000710100000, 0x0000000710100000| Untracked 
|  98|0x0000000710200000, 0x0000000710200000, 0x0000000710300000|  0%| F|  |TAMS 0x0000000710200000, 0x0000000710200000| Untracked 
|  99|0x0000000710300000, 0x0000000710300000, 0x0000000710400000|  0%| F|  |TAMS 0x0000000710300000, 0x0000000710300000| Untracked 
| 100|0x0000000710400000, 0x0000000710400000, 0x0000000710500000|  0%| F|  |TAMS 0x0000000710400000, 0x0000000710400000| Untracked 
| 101|0x0000000710500000, 0x0000000710500000, 0x0000000710600000|  0%| F|  |TAMS 0x0000000710500000, 0x0000000710500000| Untracked 
| 102|0x0000000710600000, 0x0000000710600000, 0x0000000710700000|  0%| F|  |TAMS 0x0000000710600000, 0x0000000710600000| Untracked 
| 103|0x0000000710700000, 0x0000000710700000, 0x0000000710800000|  0%| F|  |TAMS 0x0000000710700000, 0x0000000710700000| Untracked 
| 104|0x0000000710800000, 0x0000000710800000, 0x0000000710900000|  0%| F|  |TAMS 0x0000000710800000, 0x0000000710800000| Untracked 
| 105|0x0000000710900000, 0x0000000710900000, 0x0000000710a00000|  0%| F|  |TAMS 0x0000000710900000, 0x0000000710900000| Untracked 
| 106|0x0000000710a00000, 0x0000000710a00000, 0x0000000710b00000|  0%| F|  |TAMS 0x0000000710a00000, 0x0000000710a00000| Untracked 
| 107|0x0000000710b00000, 0x0000000710b00000, 0x0000000710c00000|  0%| F|  |TAMS 0x0000000710b00000, 0x0000000710b00000| Untracked 
| 108|0x0000000710c00000, 0x0000000710c00000, 0x0000000710d00000|  0%| F|  |TAMS 0x0000000710c00000, 0x0000000710c00000| Untracked 
| 109|0x0000000710d00000, 0x0000000710d00000, 0x0000000710e00000|  0%| F|  |TAMS 0x0000000710d00000, 0x0000000710d00000| Untracked 
| 110|0x0000000710e00000, 0x0000000710e00000, 0x0000000710f00000|  0%| F|  |TAMS 0x0000000710e00000, 0x0000000710e00000| Untracked 
| 111|0x0000000710f00000, 0x0000000710f00000, 0x0000000711000000|  0%| F|  |TAMS 0x0000000710f00000, 0x0000000710f00000| Untracked 
| 112|0x0000000711000000, 0x0000000711000000, 0x0000000711100000|  0%| F|  |TAMS 0x0000000711000000, 0x0000000711000000| Untracked 
| 113|0x0000000711100000, 0x0000000711100000, 0x0000000711200000|  0%| F|  |TAMS 0x0000000711100000, 0x0000000711100000| Untracked 
| 114|0x0000000711200000, 0x0000000711200000, 0x0000000711300000|  0%| F|  |TAMS 0x0000000711200000, 0x0000000711200000| Untracked 
| 115|0x0000000711300000, 0x0000000711300000, 0x0000000711400000|  0%| F|  |TAMS 0x0000000711300000, 0x0000000711300000| Untracked 
| 116|0x0000000711400000, 0x0000000711400000, 0x0000000711500000|  0%| F|  |TAMS 0x0000000711400000, 0x0000000711400000| Untracked 
| 117|0x0000000711500000, 0x0000000711500000, 0x0000000711600000|  0%| F|  |TAMS 0x0000000711500000, 0x0000000711500000| Untracked 
| 118|0x0000000711600000, 0x0000000711600000, 0x0000000711700000|  0%| F|  |TAMS 0x0000000711600000, 0x0000000711600000| Untracked 
| 119|0x0000000711700000, 0x0000000711700000, 0x0000000711800000|  0%| F|  |TAMS 0x0000000711700000, 0x0000000711700000| Untracked 
| 120|0x0000000711800000, 0x0000000711800000, 0x0000000711900000|  0%| F|  |TAMS 0x0000000711800000, 0x0000000711800000| Untracked 
| 121|0x0000000711900000, 0x0000000711900000, 0x0000000711a00000|  0%| F|  |TAMS 0x0000000711900000, 0x0000000711900000| Untracked 
| 122|0x0000000711a00000, 0x0000000711a00000, 0x0000000711b00000|  0%| F|  |TAMS 0x0000000711a00000, 0x0000000711a00000| Untracked 
| 123|0x0000000711b00000, 0x0000000711b00000, 0x0000000711c00000|  0%| F|  |TAMS 0x0000000711b00000, 0x0000000711b00000| Untracked 
| 124|0x0000000711c00000, 0x0000000711c00000, 0x0000000711d00000|  0%| F|  |TAMS 0x0000000711c00000, 0x0000000711c00000| Untracked 
| 125|0x0000000711d00000, 0x0000000711d00000, 0x0000000711e00000|  0%| F|  |TAMS 0x0000000711d00000, 0x0000000711d00000| Untracked 
| 126|0x0000000711e00000, 0x0000000711e00000, 0x0000000711f00000|  0%| F|  |TAMS 0x0000000711e00000, 0x0000000711e00000| Untracked 
| 127|0x0000000711f00000, 0x0000000711f00000, 0x0000000712000000|  0%| F|  |TAMS 0x0000000711f00000, 0x0000000711f00000| Untracked 
| 128|0x0000000712000000, 0x0000000712000000, 0x0000000712100000|  0%| F|  |TAMS 0x0000000712000000, 0x0000000712000000| Untracked 
| 129|0x0000000712100000, 0x0000000712100000, 0x0000000712200000|  0%| F|  |TAMS 0x0000000712100000, 0x0000000712100000| Untracked 
| 130|0x0000000712200000, 0x0000000712200000, 0x0000000712300000|  0%| F|  |TAMS 0x0000000712200000, 0x0000000712200000| Untracked 
| 131|0x0000000712300000, 0x0000000712300000, 0x0000000712400000|  0%| F|  |TAMS 0x0000000712300000, 0x0000000712300000| Untracked 
| 132|0x0000000712400000, 0x0000000712400000, 0x0000000712500000|  0%| F|  |TAMS 0x0000000712400000, 0x0000000712400000| Untracked 
| 133|0x0000000712500000, 0x0000000712500000, 0x0000000712600000|  0%| F|  |TAMS 0x0000000712500000, 0x0000000712500000| Untracked 
| 134|0x0000000712600000, 0x0000000712600000, 0x0000000712700000|  0%| F|  |TAMS 0x0000000712600000, 0x0000000712600000| Untracked 
| 135|0x0000000712700000, 0x0000000712700000, 0x0000000712800000|  0%| F|  |TAMS 0x0000000712700000, 0x0000000712700000| Untracked 
| 136|0x0000000712800000, 0x0000000712800000, 0x0000000712900000|  0%| F|  |TAMS 0x0000000712800000, 0x0000000712800000| Untracked 
| 137|0x0000000712900000, 0x0000000712900000, 0x0000000712a00000|  0%| F|  |TAMS 0x0000000712900000, 0x0000000712900000| Untracked 
| 138|0x0000000712a00000, 0x0000000712a00000, 0x0000000712b00000|  0%| F|  |TAMS 0x0000000712a00000, 0x0000000712a00000| Untracked 
| 139|0x0000000712b00000, 0x0000000712b00000, 0x0000000712c00000|  0%| F|  |TAMS 0x0000000712b00000, 0x0000000712b00000| Untracked 
| 140|0x0000000712c00000, 0x0000000712c00000, 0x0000000712d00000|  0%| F|  |TAMS 0x0000000712c00000, 0x0000000712c00000| Untracked 
| 141|0x0000000712d00000, 0x0000000712d00000, 0x0000000712e00000|  0%| F|  |TAMS 0x0000000712d00000, 0x0000000712d00000| Untracked 
| 142|0x0000000712e00000, 0x0000000712e00000, 0x0000000712f00000|  0%| F|  |TAMS 0x0000000712e00000, 0x0000000712e00000| Untracked 
| 143|0x0000000712f00000, 0x0000000712f00000, 0x0000000713000000|  0%| F|  |TAMS 0x0000000712f00000, 0x0000000712f00000| Untracked 
| 144|0x0000000713000000, 0x0000000713000000, 0x0000000713100000|  0%| F|  |TAMS 0x0000000713000000, 0x0000000713000000| Untracked 
| 145|0x0000000713100000, 0x0000000713100000, 0x0000000713200000|  0%| F|  |TAMS 0x0000000713100000, 0x0000000713100000| Untracked 
| 146|0x0000000713200000, 0x0000000713200000, 0x0000000713300000|  0%| F|  |TAMS 0x0000000713200000, 0x0000000713200000| Untracked 
| 147|0x0000000713300000, 0x0000000713300000, 0x0000000713400000|  0%| F|  |TAMS 0x0000000713300000, 0x0000000713300000| Untracked 
| 148|0x0000000713400000, 0x0000000713400000, 0x0000000713500000|  0%| F|  |TAMS 0x0000000713400000, 0x0000000713400000| Untracked 
| 149|0x0000000713500000, 0x0000000713500000, 0x0000000713600000|  0%| F|  |TAMS 0x0000000713500000, 0x0000000713500000| Untracked 
| 150|0x0000000713600000, 0x0000000713600000, 0x0000000713700000|  0%| F|  |TAMS 0x0000000713600000, 0x0000000713600000| Untracked 
| 151|0x0000000713700000, 0x0000000713700000, 0x0000000713800000|  0%| F|  |TAMS 0x0000000713700000, 0x0000000713700000| Untracked 
| 152|0x0000000713800000, 0x0000000713800000, 0x0000000713900000|  0%| F|  |TAMS 0x0000000713800000, 0x0000000713800000| Untracked 
| 153|0x0000000713900000, 0x0000000713900000, 0x0000000713a00000|  0%| F|  |TAMS 0x0000000713900000, 0x0000000713900000| Untracked 
| 154|0x0000000713a00000, 0x0000000713a00000, 0x0000000713b00000|  0%| F|  |TAMS 0x0000000713a00000, 0x0000000713a00000| Untracked 
| 155|0x0000000713b00000, 0x0000000713b00000, 0x0000000713c00000|  0%| F|  |TAMS 0x0000000713b00000, 0x0000000713b00000| Untracked 
| 156|0x0000000713c00000, 0x0000000713c00000, 0x0000000713d00000|  0%| F|  |TAMS 0x0000000713c00000, 0x0000000713c00000| Untracked 
| 157|0x0000000713d00000, 0x0000000713d00000, 0x0000000713e00000|  0%| F|  |TAMS 0x0000000713d00000, 0x0000000713d00000| Untracked 
| 158|0x0000000713e00000, 0x0000000713e00000, 0x0000000713f00000|  0%| F|  |TAMS 0x0000000713e00000, 0x0000000713e00000| Untracked 
| 159|0x0000000713f00000, 0x0000000713f00000, 0x0000000714000000|  0%| F|  |TAMS 0x0000000713f00000, 0x0000000713f00000| Untracked 
| 160|0x0000000714000000, 0x0000000714000000, 0x0000000714100000|  0%| F|  |TAMS 0x0000000714000000, 0x0000000714000000| Untracked 
| 161|0x0000000714100000, 0x0000000714100000, 0x0000000714200000|  0%| F|  |TAMS 0x0000000714100000, 0x0000000714100000| Untracked 
| 162|0x0000000714200000, 0x0000000714200000, 0x0000000714300000|  0%| F|  |TAMS 0x0000000714200000, 0x0000000714200000| Untracked 
| 163|0x0000000714300000, 0x0000000714300000, 0x0000000714400000|  0%| F|  |TAMS 0x0000000714300000, 0x0000000714300000| Untracked 
| 164|0x0000000714400000, 0x0000000714400000, 0x0000000714500000|  0%| F|  |TAMS 0x0000000714400000, 0x0000000714400000| Untracked 
| 165|0x0000000714500000, 0x0000000714500000, 0x0000000714600000|  0%| F|  |TAMS 0x0000000714500000, 0x0000000714500000| Untracked 
| 166|0x0000000714600000, 0x0000000714600000, 0x0000000714700000|  0%| F|  |TAMS 0x0000000714600000, 0x0000000714600000| Untracked 
| 167|0x0000000714700000, 0x0000000714700000, 0x0000000714800000|  0%| F|  |TAMS 0x0000000714700000, 0x0000000714700000| Untracked 
| 168|0x0000000714800000, 0x0000000714800000, 0x0000000714900000|  0%| F|  |TAMS 0x0000000714800000, 0x0000000714800000| Untracked 
| 169|0x0000000714900000, 0x0000000714900000, 0x0000000714a00000|  0%| F|  |TAMS 0x0000000714900000, 0x0000000714900000| Untracked 
| 170|0x0000000714a00000, 0x0000000714a00000, 0x0000000714b00000|  0%| F|  |TAMS 0x0000000714a00000, 0x0000000714a00000| Untracked 
| 171|0x0000000714b00000, 0x0000000714b00000, 0x0000000714c00000|  0%| F|  |TAMS 0x0000000714b00000, 0x0000000714b00000| Untracked 
| 172|0x0000000714c00000, 0x0000000714c00000, 0x0000000714d00000|  0%| F|  |TAMS 0x0000000714c00000, 0x0000000714c00000| Untracked 
| 173|0x0000000714d00000, 0x0000000714d00000, 0x0000000714e00000|  0%| F|  |TAMS 0x0000000714d00000, 0x0000000714d00000| Untracked 
| 174|0x0000000714e00000, 0x0000000714e00000, 0x0000000714f00000|  0%| F|  |TAMS 0x0000000714e00000, 0x0000000714e00000| Untracked 
| 175|0x0000000714f00000, 0x0000000714f00000, 0x0000000715000000|  0%| F|  |TAMS 0x0000000714f00000, 0x0000000714f00000| Untracked 
| 176|0x0000000715000000, 0x0000000715000000, 0x0000000715100000|  0%| F|  |TAMS 0x0000000715000000, 0x0000000715000000| Untracked 
| 177|0x0000000715100000, 0x0000000715100000, 0x0000000715200000|  0%| F|  |TAMS 0x0000000715100000, 0x0000000715100000| Untracked 
| 178|0x0000000715200000, 0x0000000715200000, 0x0000000715300000|  0%| F|  |TAMS 0x0000000715200000, 0x0000000715200000| Untracked 
| 179|0x0000000715300000, 0x0000000715300000, 0x0000000715400000|  0%| F|  |TAMS 0x0000000715300000, 0x0000000715300000| Untracked 
| 180|0x0000000715400000, 0x0000000715400000, 0x0000000715500000|  0%| F|  |TAMS 0x0000000715400000, 0x0000000715400000| Untracked 
| 181|0x0000000715500000, 0x0000000715500000, 0x0000000715600000|  0%| F|  |TAMS 0x0000000715500000, 0x0000000715500000| Untracked 
| 182|0x0000000715600000, 0x0000000715600000, 0x0000000715700000|  0%| F|  |TAMS 0x0000000715600000, 0x0000000715600000| Untracked 
| 183|0x0000000715700000, 0x0000000715700000, 0x0000000715800000|  0%| F|  |TAMS 0x0000000715700000, 0x0000000715700000| Untracked 
| 184|0x0000000715800000, 0x0000000715800000, 0x0000000715900000|  0%| F|  |TAMS 0x0000000715800000, 0x0000000715800000| Untracked 
| 185|0x0000000715900000, 0x0000000715900000, 0x0000000715a00000|  0%| F|  |TAMS 0x0000000715900000, 0x0000000715900000| Untracked 
| 186|0x0000000715a00000, 0x0000000715a00000, 0x0000000715b00000|  0%| F|  |TAMS 0x0000000715a00000, 0x0000000715a00000| Untracked 
| 187|0x0000000715b00000, 0x0000000715b00000, 0x0000000715c00000|  0%| F|  |TAMS 0x0000000715b00000, 0x0000000715b00000| Untracked 
| 188|0x0000000715c00000, 0x0000000715c00000, 0x0000000715d00000|  0%| F|  |TAMS 0x0000000715c00000, 0x0000000715c00000| Untracked 
| 189|0x0000000715d00000, 0x0000000715d00000, 0x0000000715e00000|  0%| F|  |TAMS 0x0000000715d00000, 0x0000000715d00000| Untracked 
| 190|0x0000000715e00000, 0x0000000715e00000, 0x0000000715f00000|  0%| F|  |TAMS 0x0000000715e00000, 0x0000000715e00000| Untracked 
| 191|0x0000000715f00000, 0x0000000715f00000, 0x0000000716000000|  0%| F|  |TAMS 0x0000000715f00000, 0x0000000715f00000| Untracked 
| 192|0x0000000716000000, 0x0000000716000000, 0x0000000716100000|  0%| F|  |TAMS 0x0000000716000000, 0x0000000716000000| Untracked 
| 193|0x0000000716100000, 0x0000000716200000, 0x0000000716200000|100%| E|  |TAMS 0x0000000716100000, 0x0000000716100000| Complete 
| 194|0x0000000716200000, 0x0000000716300000, 0x0000000716300000|100%| E|CS|TAMS 0x0000000716200000, 0x0000000716200000| Complete 
| 195|0x0000000716300000, 0x0000000716400000, 0x0000000716400000|100%| E|CS|TAMS 0x0000000716300000, 0x0000000716300000| Complete 
| 196|0x0000000716400000, 0x0000000716500000, 0x0000000716500000|100%| E|CS|TAMS 0x0000000716400000, 0x0000000716400000| Complete 
| 197|0x0000000716500000, 0x0000000716600000, 0x0000000716600000|100%| E|CS|TAMS 0x0000000716500000, 0x0000000716500000| Complete 
| 198|0x0000000716600000, 0x0000000716700000, 0x0000000716700000|100%| E|CS|TAMS 0x0000000716600000, 0x0000000716600000| Complete 
| 199|0x0000000716700000, 0x0000000716800000, 0x0000000716800000|100%| E|CS|TAMS 0x0000000716700000, 0x0000000716700000| Complete 
| 200|0x0000000716800000, 0x0000000716900000, 0x0000000716900000|100%| E|CS|TAMS 0x0000000716800000, 0x0000000716800000| Complete 
| 201|0x0000000716900000, 0x0000000716a00000, 0x0000000716a00000|100%| E|CS|TAMS 0x0000000716900000, 0x0000000716900000| Complete 
| 202|0x0000000716a00000, 0x0000000716b00000, 0x0000000716b00000|100%| E|CS|TAMS 0x0000000716a00000, 0x0000000716a00000| Complete 
| 203|0x0000000716b00000, 0x0000000716c00000, 0x0000000716c00000|100%| E|CS|TAMS 0x0000000716b00000, 0x0000000716b00000| Complete 
| 204|0x0000000716c00000, 0x0000000716d00000, 0x0000000716d00000|100%| E|CS|TAMS 0x0000000716c00000, 0x0000000716c00000| Complete 
| 205|0x0000000716d00000, 0x0000000716e00000, 0x0000000716e00000|100%| E|CS|TAMS 0x0000000716d00000, 0x0000000716d00000| Complete 
| 206|0x0000000716e00000, 0x0000000716f00000, 0x0000000716f00000|100%| E|CS|TAMS 0x0000000716e00000, 0x0000000716e00000| Complete 
| 207|0x0000000716f00000, 0x0000000717000000, 0x0000000717000000|100%| E|CS|TAMS 0x0000000716f00000, 0x0000000716f00000| Complete 
| 208|0x0000000717000000, 0x0000000717100000, 0x0000000717100000|100%| E|CS|TAMS 0x0000000717000000, 0x0000000717000000| Complete 
| 209|0x0000000717100000, 0x0000000717200000, 0x0000000717200000|100%| E|CS|TAMS 0x0000000717100000, 0x0000000717100000| Complete 
| 210|0x0000000717200000, 0x0000000717300000, 0x0000000717300000|100%| E|CS|TAMS 0x0000000717200000, 0x0000000717200000| Complete 
| 211|0x0000000717300000, 0x0000000717400000, 0x0000000717400000|100%| E|CS|TAMS 0x0000000717300000, 0x0000000717300000| Complete 
| 212|0x0000000717400000, 0x0000000717500000, 0x0000000717500000|100%| E|CS|TAMS 0x0000000717400000, 0x0000000717400000| Complete 
| 213|0x0000000717500000, 0x0000000717600000, 0x0000000717600000|100%| E|CS|TAMS 0x0000000717500000, 0x0000000717500000| Complete 
| 214|0x0000000717600000, 0x0000000717700000, 0x0000000717700000|100%| E|CS|TAMS 0x0000000717600000, 0x0000000717600000| Complete 
| 215|0x0000000717700000, 0x0000000717800000, 0x0000000717800000|100%| E|CS|TAMS 0x0000000717700000, 0x0000000717700000| Complete 
| 216|0x0000000717800000, 0x0000000717900000, 0x0000000717900000|100%| E|CS|TAMS 0x0000000717800000, 0x0000000717800000| Complete 
| 217|0x0000000717900000, 0x0000000717a00000, 0x0000000717a00000|100%| E|CS|TAMS 0x0000000717900000, 0x0000000717900000| Complete 
| 218|0x0000000717a00000, 0x0000000717b00000, 0x0000000717b00000|100%| E|CS|TAMS 0x0000000717a00000, 0x0000000717a00000| Complete 
| 219|0x0000000717b00000, 0x0000000717c00000, 0x0000000717c00000|100%| S|CS|TAMS 0x0000000717b00000, 0x0000000717b00000| Complete 
| 220|0x0000000717c00000, 0x0000000717d00000, 0x0000000717d00000|100%| S|CS|TAMS 0x0000000717c00000, 0x0000000717c00000| Complete 
| 221|0x0000000717d00000, 0x0000000717e00000, 0x0000000717e00000|100%| S|CS|TAMS 0x0000000717d00000, 0x0000000717d00000| Complete 
| 222|0x0000000717e00000, 0x0000000717f00000, 0x0000000717f00000|100%| E|CS|TAMS 0x0000000717e00000, 0x0000000717e00000| Complete 
| 223|0x0000000717f00000, 0x0000000718000000, 0x0000000718000000|100%| E|CS|TAMS 0x0000000717f00000, 0x0000000717f00000| Complete 
| 224|0x0000000718000000, 0x0000000718100000, 0x0000000718100000|100%| E|CS|TAMS 0x0000000718000000, 0x0000000718000000| Complete 
| 225|0x0000000718100000, 0x0000000718200000, 0x0000000718200000|100%| E|CS|TAMS 0x0000000718100000, 0x0000000718100000| Complete 
| 226|0x0000000718200000, 0x0000000718300000, 0x0000000718300000|100%| E|CS|TAMS 0x0000000718200000, 0x0000000718200000| Complete 
| 227|0x0000000718300000, 0x0000000718400000, 0x0000000718400000|100%| E|CS|TAMS 0x0000000718300000, 0x0000000718300000| Complete 
| 228|0x0000000718400000, 0x0000000718500000, 0x0000000718500000|100%| E|CS|TAMS 0x0000000718400000, 0x0000000718400000| Complete 
| 229|0x0000000718500000, 0x0000000718600000, 0x0000000718600000|100%| E|CS|TAMS 0x0000000718500000, 0x0000000718500000| Complete 
| 230|0x0000000718600000, 0x0000000718700000, 0x0000000718700000|100%| E|CS|TAMS 0x0000000718600000, 0x0000000718600000| Complete 
| 231|0x0000000718700000, 0x0000000718800000, 0x0000000718800000|100%| E|CS|TAMS 0x0000000718700000, 0x0000000718700000| Complete 
| 232|0x0000000718800000, 0x0000000718900000, 0x0000000718900000|100%| E|CS|TAMS 0x0000000718800000, 0x0000000718800000| Complete 
| 233|0x0000000718900000, 0x0000000718a00000, 0x0000000718a00000|100%| E|CS|TAMS 0x0000000718900000, 0x0000000718900000| Complete 
| 234|0x0000000718a00000, 0x0000000718b00000, 0x0000000718b00000|100%| E|CS|TAMS 0x0000000718a00000, 0x0000000718a00000| Complete 
| 235|0x0000000718b00000, 0x0000000718c00000, 0x0000000718c00000|100%| E|CS|TAMS 0x0000000718b00000, 0x0000000718b00000| Complete 
| 236|0x0000000718c00000, 0x0000000718d00000, 0x0000000718d00000|100%| E|CS|TAMS 0x0000000718c00000, 0x0000000718c00000| Complete 
| 237|0x0000000718d00000, 0x0000000718e00000, 0x0000000718e00000|100%| E|CS|TAMS 0x0000000718d00000, 0x0000000718d00000| Complete 
| 238|0x0000000718e00000, 0x0000000718f00000, 0x0000000718f00000|100%| E|CS|TAMS 0x0000000718e00000, 0x0000000718e00000| Complete 
| 239|0x0000000718f00000, 0x0000000719000000, 0x0000000719000000|100%| E|CS|TAMS 0x0000000718f00000, 0x0000000718f00000| Complete 
| 240|0x0000000719000000, 0x0000000719100000, 0x0000000719100000|100%| E|CS|TAMS 0x0000000719000000, 0x0000000719000000| Complete 
| 241|0x0000000719100000, 0x0000000719200000, 0x0000000719200000|100%| E|CS|TAMS 0x0000000719100000, 0x0000000719100000| Complete 
| 242|0x0000000719200000, 0x0000000719300000, 0x0000000719300000|100%| E|CS|TAMS 0x0000000719200000, 0x0000000719200000| Complete 
| 243|0x0000000719300000, 0x0000000719400000, 0x0000000719400000|100%| E|CS|TAMS 0x0000000719300000, 0x0000000719300000| Complete 
| 244|0x0000000719400000, 0x0000000719500000, 0x0000000719500000|100%| E|CS|TAMS 0x0000000719400000, 0x0000000719400000| Complete 
| 245|0x0000000719500000, 0x0000000719600000, 0x0000000719600000|100%| E|CS|TAMS 0x0000000719500000, 0x0000000719500000| Complete 

Card table byte_map: [0x0000021fda580000,0x0000021fdad30000] _byte_map_base: 0x0000021fd6d30000

Marking Bits (Prev, Next): (CMBitMap*) 0x0000021fc31f3038, (CMBitMap*) 0x0000021fc31f3070
 Prev Bits: [0x0000021fdb4e0000, 0x0000021fdf260000)
 Next Bits: [0x0000021fdf260000, 0x0000021fe2fe0000)

Polling page: 0x0000021fc1110000

Metaspace:

Usage:
  Non-class:     17.93 MB capacity,    17.68 MB ( 99%) used,   235.98 KB (  1%) free+waste,    23.56 KB ( <1%) overhead. 
      Class:      2.27 MB capacity,     2.15 MB ( 95%) used,   113.36 KB (  5%) free+waste,     9.81 KB ( <1%) overhead. 
       Both:     20.21 MB capacity,    19.83 MB ( 98%) used,   349.34 KB (  2%) free+waste,    33.38 KB ( <1%) overhead. 

Virtual space:
  Non-class space:       18.00 MB reserved,      18.00 MB (100%) committed 
      Class space:        1.00 GB reserved,       2.38 MB ( <1%) committed 
             Both:        1.02 GB reserved,      20.38 MB (  2%) committed 

Chunk freelists:
   Non-Class:  384 bytes
       Class:  1.25 KB
        Both:  1.62 KB

CodeHeap 'non-profiled nmethods': size=120000Kb used=882Kb max_used=882Kb free=119117Kb
 bounds [0x0000021fd2330000, 0x0000021fd25a0000, 0x0000021fd9860000]
CodeHeap 'profiled nmethods': size=120000Kb used=4389Kb max_used=4389Kb free=115610Kb
 bounds [0x0000021fcae00000, 0x0000021fcb250000, 0x0000021fd2330000]
CodeHeap 'non-nmethods': size=5760Kb used=1109Kb max_used=1136Kb free=4650Kb
 bounds [0x0000021fca860000, 0x0000021fcaad0000, 0x0000021fcae00000]
 total_blobs=2566 nmethods=2151 adapters=326
 compilation: enabled
              stopped_count=0, restarted_count=0
 full_count=0

Compilation events (10 events):
Event: 1.368 Thread 0x0000021fe6664000 2056       3       sun.net.util.IPAddressUtil::checkHostString (53 bytes)
Event: 1.369 Thread 0x0000021fe75b3000 2058       4       java.lang.Character::charCount (12 bytes)
Event: 1.369 Thread 0x0000021fe6664000 nmethod 2056 0x0000021fcb20a990 code [0x0000021fcb20ac60, 0x0000021fcb20ba08]
Event: 1.369 Thread 0x0000021fe6664000 2057       3       java.util.regex.Pattern::next (33 bytes)
Event: 1.369 Thread 0x0000021fe6664000 nmethod 2057 0x0000021fcb20bf10 code [0x0000021fcb20c0c0, 0x0000021fcb20c328]
Event: 1.369 Thread 0x0000021fe6664000 2059       3       java.util.regex.Pattern$Node::<init> (12 bytes)
Event: 1.369 Thread 0x0000021fe6664000 nmethod 2059 0x0000021fcb20c490 code [0x0000021fcb20c640, 0x0000021fcb20c818]
Event: 1.369 Thread 0x0000021fe75b3000 nmethod 2058 0x0000021fd2403610 code [0x0000021fd2403780, 0x0000021fd24037d8]
Event: 1.371 Thread 0x0000021fe6664000 2060       3       java.lang.StringLatin1::compareToCI (108 bytes)
Event: 1.372 Thread 0x0000021fe6664000 nmethod 2060 0x0000021fcb20c910 code [0x0000021fcb20cb60, 0x0000021fcb20d418]

GC Heap History (2 events):
Event: 0.669 GC heap before
{Heap before GC invocations=0 (full 0):
 garbage-first heap   total 251904K, used 23552K [0x000000070a000000, 0x0000000800000000)
  region size 1024K, 24 young (24576K), 0 survivors (0K)
 Metaspace       used 12959K, capacity 13290K, committed 13440K, reserved 1060864K
  class space    used 1308K, capacity 1389K, committed 1408K, reserved 1048576K
}
Event: 0.673 GC heap after
{Heap after GC invocations=1 (full 0):
 garbage-first heap   total 251904K, used 3529K [0x000000070a000000, 0x0000000800000000)
  region size 1024K, 3 young (3072K), 3 survivors (3072K)
 Metaspace       used 12959K, capacity 13290K, committed 13440K, reserved 1060864K
  class space    used 1308K, capacity 1389K, committed 1408K, reserved 1048576K
}

Deoptimization events (10 events):
Event: 1.014 Thread 0x0000021fe665d800 Uncommon trap: reason=unstable_if action=reinterpret pc=0x0000021fd233a62c method=java.lang.String.equals(Ljava/lang/Object;)Z @ 27 c2
Event: 1.047 Thread 0x0000021fc3192000 Uncommon trap: reason=unstable_if action=reinterpret pc=0x0000021fd23b3564 method=java.util.concurrent.ConcurrentHashMap.transfer([Ljava/util/concurrent/ConcurrentHashMap$Node;[Ljava/util/concurrent/ConcurrentHashMap$Node;)V @ 26 c2
Event: 1.252 Thread 0x0000021fc3192000 Uncommon trap: reason=unstable_if action=reinterpret pc=0x0000021fd23558ec method=java.lang.String.startsWith(Ljava/lang/String;I)Z @ 1 c2
Event: 1.291 Thread 0x0000021fc3192000 Uncommon trap: reason=unstable_if action=reinterpret pc=0x0000021fd23fb538 method=org.eclipse.sisu.inject.InjectorBindings.isAssignableFrom(Lcom/google/inject/TypeLiteral;Lcom/google/inject/Binding;)Z @ 14 c2
Event: 1.301 Thread 0x0000021fc3192000 Uncommon trap: reason=unstable_if action=reinterpret pc=0x0000021fd23368d8 method=java.lang.String.isLatin1()Z @ 10 c2
Event: 1.302 Thread 0x0000021fc3192000 Uncommon trap: reason=unstable_if action=reinterpret pc=0x0000021fd238941c method=sun.nio.cs.StreamDecoder.implRead([CII)I @ 36 c2
Event: 1.338 Thread 0x0000021fc3192000 Uncommon trap: reason=unstable_if action=reinterpret pc=0x0000021fd240026c method=sun.net.util.IPAddressUtil.scan(Ljava/lang/String;JJ[C)I @ 14 c2
Event: 1.340 Thread 0x0000021fc3192000 Uncommon trap: reason=unstable_if action=reinterpret pc=0x0000021fd23ee9c0 method=sun.net.util.IPAddressUtil.scan(Ljava/lang/String;JJ[C)I @ 14 c2
Event: 1.364 Thread 0x0000021fc3192000 Uncommon trap: reason=unstable_if action=reinterpret pc=0x0000021fd2362da0 method=java.lang.AbstractStringBuilder.append(Ljava/lang/String;)Ljava/lang/AbstractStringBuilder; @ 1 c2
Event: 1.364 Thread 0x0000021fc3192000 Uncommon trap: reason=unstable_if action=reinterpret pc=0x0000021fd236f200 method=java.lang.AbstractStringBuilder.append(Ljava/lang/String;)Ljava/lang/AbstractStringBuilder; @ 1 c2

Classes redefined (0 events):
No events

Internal exceptions (10 events):
Event: 0.256 Thread 0x0000021fc3192000 Exception <a 'java/lang/NoSuchMethodError'{0x000000071917c830}: java.lang.invoke.DirectMethodHandle$Holder.invokeSpecialIFC(Ljava/lang/Object;Ljava/lang/Object;I)I> (0x000000071917c830) thrown at [./open/src/hotspot/share/interpreter/linkResolver.cpp, lin
Event: 0.267 Thread 0x0000021fc3192000 Exception <a 'java/lang/NullPointerException'{0x00000007191e7560}> (0x00000007191e7560) thrown at [./open/src/hotspot/share/interpreter/linkResolver.cpp, line 1354]
Event: 0.622 Thread 0x0000021fc3192000 Exception <a 'java/lang/NoClassDefFoundError'{0x000000071820ce00}: javax/enterprise/inject/Typed> (0x000000071820ce00) thrown at [./open/src/hotspot/share/classfile/systemDictionary.cpp, line 215]
Event: 1.007 Thread 0x0000021fe665d800 Exception <a 'java/lang/NoSuchMethodError'{0x00000007179507b0}: java.lang.invoke.DirectMethodHandle$Holder.invokeStaticInit(Ljava/lang/Object;I)Ljava/lang/Object;> (0x00000007179507b0) thrown at [./open/src/hotspot/share/interpreter/linkResolver.cpp, line
Event: 1.200 Thread 0x0000021fc3192000 Exception <a 'java/lang/NoClassDefFoundError'{0x0000000716cb56f8}: com/google/inject/servlet/ServletModuleTargetVisitor> (0x0000000716cb56f8) thrown at [./open/src/hotspot/share/classfile/systemDictionary.cpp, line 215]
Event: 1.200 Thread 0x0000021fc3192000 Exception <a 'java/lang/NoClassDefFoundError'{0x0000000716cb56f8}> (0x0000000716cb56f8) thrown at [./open/src/hotspot/share/prims/jvm.cpp, line 1309]
Event: 1.255 Thread 0x0000021fc3192000 Exception <a 'java/lang/NoSuchMethodError'{0x0000000716af8150}: java.lang.invoke.DirectMethodHandle$Holder.invokeStaticInit(Ljava/lang/Object;Ljava/lang/Object;)V> (0x0000000716af8150) thrown at [./open/src/hotspot/share/interpreter/linkResolver.cpp, line
Event: 1.261 Thread 0x0000021fc3192000 Exception <a 'java/lang/NoSuchMethodError'{0x0000000716924ed0}: java.lang.invoke.DirectMethodHandle$Holder.invokeStaticInit(Ljava/lang/Object;IIII)Ljava/lang/Object;> (0x0000000716924ed0) thrown at [./open/src/hotspot/share/interpreter/linkResolver.cpp, l
Event: 1.364 Thread 0x0000021fc3192000 Implicit null exception at 0x0000021fd23627f4 to 0x0000021fd2362d88
Event: 1.364 Thread 0x0000021fc3192000 Implicit null exception at 0x0000021fd236ec74 to 0x0000021fd236f1e8

Events (10 events):
Event: 1.372 loading class org/eclipse/aether/internal/impl/DefaultSyncContextFactory$DefaultSyncContext
Event: 1.372 loading class org/eclipse/aether/internal/impl/DefaultSyncContextFactory$DefaultSyncContext done
Event: 1.373 loading class org/eclipse/aether/RepositoryEvent$Builder
Event: 1.373 loading class org/eclipse/aether/RepositoryEvent$Builder done
Event: 1.373 loading class org/eclipse/aether/RepositoryEvent$EventType
Event: 1.373 loading class org/eclipse/aether/RepositoryEvent$EventType done
Event: 1.374 loading class org/eclipse/aether/internal/impl/DefaultRepositoryEventDispatcher$1
Event: 1.374 loading class org/eclipse/aether/internal/impl/DefaultRepositoryEventDispatcher$1 done
Event: 1.374 loading class org/eclipse/aether/RepositoryEvent$EventType
Event: 1.374 loading class org/eclipse/aether/RepositoryEvent$EventType done


Dynamic libraries:
0x00007ff7f60b0000 - 0x00007ff7f60c0000 	C:\Program Files\Java\jdk-11\bin\java.exe
0x00007ffedffd0000 - 0x00007ffee01e7000 	C:\WINDOWS\SYSTEM32\ntdll.dll
0x00007ffedecd0000 - 0x00007ffeded94000 	C:\WINDOWS\System32\KERNEL32.DLL
0x00007ffedd590000 - 0x00007ffedd937000 	C:\WINDOWS\System32\KERNELBASE.dll
0x00007ffeddab0000 - 0x00007ffeddbc1000 	C:\WINDOWS\System32\ucrtbase.dll
0x00007ffed7670000 - 0x00007ffed768b000 	C:\Program Files\Java\jdk-11\bin\VCRUNTIME140.dll
0x00007ffed76a0000 - 0x00007ffed76b8000 	C:\Program Files\Java\jdk-11\bin\jli.dll
0x00007ffede890000 - 0x00007ffede942000 	C:\WINDOWS\System32\ADVAPI32.dll
0x00007ffedeb80000 - 0x00007ffedec27000 	C:\WINDOWS\System32\msvcrt.dll
0x00007ffede540000 - 0x00007ffede5e8000 	C:\WINDOWS\System32\sechost.dll
0x00007ffedd2f0000 - 0x00007ffedd318000 	C:\WINDOWS\System32\bcrypt.dll
0x00007ffedf6b0000 - 0x00007ffedf7c5000 	C:\WINDOWS\System32\RPCRT4.dll
0x00007ffede5f0000 - 0x00007ffede79e000 	C:\WINDOWS\System32\USER32.dll
0x00007ffedd560000 - 0x00007ffedd586000 	C:\WINDOWS\System32\win32u.dll
0x00007ffec3bd0000 - 0x00007ffec3e63000 	C:\WINDOWS\WinSxS\amd64_microsoft.windows.common-controls_6595b64144ccf1df_6.0.22621.3527_none_270e469b73872a76\COMCTL32.dll
0x00007ffedee20000 - 0x00007ffedee49000 	C:\WINDOWS\System32\GDI32.dll
0x00007ffedd3c0000 - 0x00007ffedd4d9000 	C:\WINDOWS\System32\gdi32full.dll
0x00007ffedd320000 - 0x00007ffedd3ba000 	C:\WINDOWS\System32\msvcp_win.dll
0x00007ffed2820000 - 0x00007ffed282a000 	C:\WINDOWS\SYSTEM32\VERSION.dll
0x00007ffede250000 - 0x00007ffede281000 	C:\WINDOWS\System32\IMM32.DLL
0x00007ffed1070000 - 0x00007ffed107c000 	C:\Program Files\Java\jdk-11\bin\vcruntime140_1.dll
0x00007ffeca610000 - 0x00007ffeca69e000 	C:\Program Files\Java\jdk-11\bin\msvcp140.dll
0x00007ffec7fe0000 - 0x00007ffec8b48000 	C:\Program Files\Java\jdk-11\bin\server\jvm.dll
0x00007ffedfb60000 - 0x00007ffedfb68000 	C:\WINDOWS\System32\PSAPI.DLL
0x00007ffed63e0000 - 0x00007ffed6414000 	C:\WINDOWS\SYSTEM32\WINMM.dll
0x00007ffecc030000 - 0x00007ffecc039000 	C:\WINDOWS\SYSTEM32\WSOCK32.dll
0x00007ffedec30000 - 0x00007ffedeca1000 	C:\WINDOWS\System32\WS2_32.dll
0x00007ffedc3c0000 - 0x00007ffedc3d8000 	C:\WINDOWS\SYSTEM32\kernel.appcore.dll
0x00007ffecb740000 - 0x00007ffecb750000 	C:\Program Files\Java\jdk-11\bin\verify.dll
0x00007ffedace0000 - 0x00007ffedaf12000 	C:\WINDOWS\SYSTEM32\DBGHELP.DLL
0x00007ffedf7d0000 - 0x00007ffedfb58000 	C:\WINDOWS\System32\combase.dll
0x00007ffedea50000 - 0x00007ffedeb27000 	C:\WINDOWS\System32\OLEAUT32.dll
0x00007ffed10d0000 - 0x00007ffed1102000 	C:\WINDOWS\SYSTEM32\dbgcore.DLL
0x00007ffedd4e0000 - 0x00007ffedd559000 	C:\WINDOWS\System32\bcryptPrimitives.dll
0x00007ffecb710000 - 0x00007ffecb738000 	C:\Program Files\Java\jdk-11\bin\java.dll
0x00007ffecb700000 - 0x00007ffecb70a000 	C:\Program Files\Java\jdk-11\bin\jimage.dll
0x00007ffed8e40000 - 0x00007ffed8e4e000 	C:\Program Files\Java\jdk-11\bin\instrument.dll
0x00007ffecb6e0000 - 0x00007ffecb6f7000 	C:\Program Files\Java\jdk-11\bin\zip.dll
0x00007ffedee50000 - 0x00007ffedf6ac000 	C:\WINDOWS\System32\SHELL32.dll
0x00007ffedb1e0000 - 0x00007ffedbad6000 	C:\WINDOWS\SYSTEM32\windows.storage.dll
0x00007ffedb0a0000 - 0x00007ffedb1de000 	C:\WINDOWS\SYSTEM32\wintypes.dll
0x00007ffede950000 - 0x00007ffedea45000 	C:\WINDOWS\System32\SHCORE.dll
0x00007ffede1f0000 - 0x00007ffede24e000 	C:\WINDOWS\System32\shlwapi.dll
0x00007ffedd220000 - 0x00007ffedd241000 	C:\WINDOWS\SYSTEM32\profapi.dll
0x00007ffecb0a0000 - 0x00007ffecb0b9000 	C:\Program Files\Java\jdk-11\bin\net.dll
0x00007ffed6cc0000 - 0x00007ffed6df6000 	C:\WINDOWS\SYSTEM32\WINHTTP.dll
0x00007ffedc820000 - 0x00007ffedc889000 	C:\WINDOWS\system32\mswsock.dll
0x00007ffeca5f0000 - 0x00007ffeca602000 	C:\Program Files\Java\jdk-11\bin\nio.dll
0x00007ffed3e00000 - 0x00007ffed3e1a000 	E:\IntelliJ IDEA 2022.3.2\bin\breakgen64.dll
0x0000000069ac0000 - 0x0000000069ae4000 	C:\Users\julit\AppData\Local\Temp\jansi-2.4.0-a9f64ca0ace471b0-jansi.dll

dbghelp: loaded successfully - version: 4.0.5 - missing functions: none
symbol engine: initialized successfully - sym options: 0x614 - pdb path: .;C:\Program Files\Java\jdk-11\bin;C:\WINDOWS\SYSTEM32;C:\WINDOWS\WinSxS\amd64_microsoft.windows.common-controls_6595b64144ccf1df_6.0.22621.3527_none_270e469b73872a76;C:\Program Files\Java\jdk-11\bin\server;E:\IntelliJ IDEA 2022.3.2\bin;C:\Users\julit\AppData\Local\Temp

VM Arguments:
jvm_args: -Dmaven.multiModuleProjectDirectory=E:\HitsInternsBackend\svc_ThirdCourseBack -Djansi.passthrough=true -Dmaven.home=C:\Users\julit\.m2\wrapper\dists\apache-maven-3.8.7-bin\1ktonn2lleg549uah6ngl1r74r\apache-maven-3.8.7 -Dclassworlds.conf=C:\Users\julit\.m2\wrapper\dists\apache-maven-3.8.7-bin\1ktonn2lleg549uah6ngl1r74r\apache-maven-3.8.7\bin\m2.conf -Dmaven.ext.class.path=E:\IntelliJ IDEA 2022.3.2\plugins\maven\lib\maven-event-listener.jar -javaagent:E:\IntelliJ IDEA 2022.3.2\lib\idea_rt.jar=63988:E:\IntelliJ IDEA 2022.3.2\bin -Dfile.encoding=UTF-8 
java_command: org.codehaus.classworlds.Launcher -Didea.version=2022.3.2 clean
java_class_path (initial): C:\Users\julit\.m2\wrapper\dists\apache-maven-3.8.7-bin\1ktonn2lleg549uah6ngl1r74r\apache-maven-3.8.7\boot\plexus-classworlds-2.6.0.jar;C:\Users\julit\.m2\wrapper\dists\apache-maven-3.8.7-bin\1ktonn2lleg549uah6ngl1r74r\apache-maven-3.8.7\boot\plexus-classworlds.license
Launcher Type: SUN_STANDARD

[Global flags]
     intx CICompilerCount                          = 4                                         {product} {ergonomic}
     uint ConcGCThreads                            = 3                                         {product} {ergonomic}
     uint G1ConcRefinementThreads                  = 10                                        {product} {ergonomic}
   size_t G1HeapRegionSize                         = 1048576                                   {product} {ergonomic}
    uintx GCDrainStackTargetSize                   = 64                                        {product} {ergonomic}
   size_t InitialHeapSize                          = 257949696                                 {product} {ergonomic}
   size_t MarkStackSize                            = 4194304                                   {product} {ergonomic}
   size_t MaxHeapSize                              = 4127195136                                {product} {ergonomic}
   size_t MaxNewSize                               = 2475687936                                {product} {ergonomic}
   size_t MinHeapDeltaBytes                        = 1048576                                   {product} {ergonomic}
    uintx NonNMethodCodeHeapSize                   = 5836300                                {pd product} {ergonomic}
    uintx NonProfiledCodeHeapSize                  = 122910970                              {pd product} {ergonomic}
    uintx ProfiledCodeHeapSize                     = 122910970                              {pd product} {ergonomic}
    uintx ReservedCodeCacheSize                    = 251658240                              {pd product} {ergonomic}
     bool SegmentedCodeCache                       = true                                      {product} {ergonomic}
     bool UseCompressedClassPointers               = true                                 {lp64_product} {ergonomic}
     bool UseCompressedOops                        = true                                 {lp64_product} {ergonomic}
     bool UseG1GC                                  = true                                      {product} {ergonomic}
     bool UseLargePagesIndividualAllocation        = false                                  {pd product} {ergonomic}

Logging:
Log output configuration:
 #0: stdout all=warning uptime,level,tags
 #1: stderr all=off uptime,level,tags

Environment Variables:
JAVA_HOME=C:\Program Files\Java\jdk-11
PATH=c:\Windows;c:\Windows\system32;C:\Windows\System32;C:\Program Files\dotnet\;D:\Git\cmd;C:\Program Files\Microsoft SQL Server\150\Tools\Binn\;C:\Program Files\Microsoft SQL Server\Client SDK\ODBC\170\Tools\Binn\;C:\Program Files\NVIDIA Corporation\NVIDIA NvDLISR;C:\WINDOWS\system32;C:\WINDOWS;C:\WINDOWS\System32\Wbem;C:\WINDOWS\System32\WindowsPowerShell\v1.0\;C:\WINDOWS\System32\OpenSSH\;D:\xampp\php;C:\ProgramData\ComposerSetup\bin;D:\nodejs\;C:\Program Files\apache-maven-3.9.0\bin;E:\gradle-8.0.2-all\gradle-8.0.2\bin;C:\Program Files\WireGuard\;C:\Program Files\Docker\Docker\resources\bin;E:\Python\Scripts\;E:\Python\;C:\Users\julit\AppData\Local\Microsoft\WindowsApps;E:\IntelliJ IDEA 2021.3.2\bin;D:\WebStorm 2021.3.2\bin;C:\Users\julit\.dotnet\tools;E:\Microsoft VS Code\bin;D:\PhpStorm 2022.2.2\bin;;C:\Users\julit\AppData\Local\Microsoft\WindowsApps;C:\Users\julit\AppData\Roaming\Composer\vendor\bin;D:\WebStorm 2022.2.3\bin;;E:\IntelliJ IDEA 2022.3.2\bin;;C:\Users\julit\AppData\Roaming\npm;D:\nodejs;E:\PyCharm 2023.1.2\bin;;C:\Program Files\Java\jdk-11\bin;C:\Program Files\apache-maven-3.9.0\bin;C:\Program Files\PostgreSQL\15\bin;E:\PostgreSQL\15\bin;
USERNAME=julit
OS=Windows_NT
PROCESSOR_IDENTIFIER=AMD64 Family 23 Model 96 Stepping 1, AuthenticAMD



---------------  S Y S T E M  ---------------

OS: Windows 11 , 64 bit Build 22621 (10.0.22621.3527)
Hyper-V role detected

CPU:total 12 (initial active 12) (12 cores per cpu, 2 threads per core) family 23 model 96 stepping 1 microcode 0x0, cmov, cx8, fxsr, mmx, sse, sse2, sse3, ssse3, sse4.1, sse4.2, popcnt, avx, avx2, aes, clmul, mmxext, 3dnowpref, lzcnt, sse4a, ht, tsc, tscinvbit, tscinv, bmi1, bmi2, adx, 

Memory: 4k page, system-wide physical 15741M (1152M free)
TotalPageFile size 20919M (AvailPageFile size 5M)
current process WorkingSet (physical memory assigned to process): 136M, peak: 136M
current process commit charge ("private bytes"): 377M, peak: 377M

vm_info: Java HotSpot(TM) 64-Bit Server VM (11.0.18+9-LTS-195) for windows-amd64 JRE (11.0.18+9-LTS-195), built on Dec  6 2022 15:50:58 by "mach5one" with MS VC++ 17.1 (VS2022)

END.
